<?xml version="1.0" encoding="UTF-8"?>
<testng-results skipped="0" failed="0" ignored="0" total="1" passed="1">
  <reporter-output>
  </reporter-output>
  <suite name="Default suite" duration-ms="42207" started-at="2022-09-27T22:50:13 IST" finished-at="2022-09-27T22:50:55 IST">
    <groups>
    </groups>
    <test name="Default test" duration-ms="42207" started-at="2022-09-27T22:50:13 IST" finished-at="2022-09-27T22:50:55 IST">
      <class name="Brokenlink1.NewTest">
        <test-method status="PASS" signature="f()[pri:0, instance:Brokenlink1.NewTest@4d95d2a2]" name="f" duration-ms="42118" started-at="2022-09-27T22:50:13 IST" finished-at="2022-09-27T22:50:55 IST">
          <reporter-output>
          </reporter-output>
        </test-method> <!-- f -->
      </class> <!-- Brokenlink1.NewTest -->
    </test> <!-- Default test -->
  </suite> <!-- Default suite -->
</testng-results>
